-1.9913680451334366
-0.24960764478456582
-0.17958996485868622
-0.12148582090806502
-0.2557603628125994
-0.215316146481452
-0.10687558777569969
-0.27177594533932536
-0.2604393046935472
-0.08364387181161939
-0.276194944296464
-0.2842264438526426
-0.1320474507319599
-0.29531592004486706
-0.31402065634728316
-0.12820033395150504
-0.28976216475252325
-0.3368947756868066
-0.12126395264839279
-0.2846052397354137
-0.35125111647857626
-0.1493856973884702
-0.29520448470709865
-0.3586484258469954
-0.10991133408046723
-0.2980952810523045
-0.35078733022760267
-0.06299339757673957
-0.29568328811395483
-0.35331088394964477
-0.0663259266901987
-0.28934133547522756
-0.3378506990796306
-0.09893264961174746
-0.27856138405397235
-0.3318854643443699
-0.12301297373021716
-0.32465198971136644
-0.3213961688320916
-0.11901419624679173
-0.310598707780327
-0.298697164858045
-0.09140639427489597
-0.20175313310077
-0.2694804655743436
-0.47654857743135515
-0.20050627561936
-0.2701948036627349
-0.4880773473116041
-0.1987123191015014
-0.2775921227851445
-0.523752667658474
-0.17701898510447778
-0.2679297211071223
-0.45810376250821444
-0.15408903582506636
-0.2666026491858522
-0.3762626062624576
-0.143243361690096
-0.22879092794655995
-0.30979226755515443
-0.09529698025053585
-0.19676352119965423
-0.2590458927057267
-0.056036178055878384
-0.17271102084334802
-0.19416414724927897
-0.3535975986868545
-0.2785589525570116
-0.26417144928715164
-0.3443877699329682
-0.3195005342087119
-0.256205387289409
-0.34056993094555216
-0.3440044711028991
-0.33664886099234337
-0.3274153609213931
-0.36493754083205016
-0.37693948461324467
-0.32794350136436823
-0.37623527499337056
-0.45202625280847986
-0.3274396779404465
-0.38593831119523536
-0.5026070609409302
-0.34363789863562966
-0.4067478017628743
-0.5042984110455041
-0.34521521416152157
-0.42186559020097414
-0.5227176964134377
-0.3511424366554993
-0.4368088120788134
-0.5227412694965233
-0.3397056114668092
-0.449188363161189
-0.5835494731719778
-0.3519397878196145
-0.4522628344253335
-0.5906785375066267
-0.3019337380790033
-0.4451996007138903
-0.5755136021171007
-0.29168547767009323
-0.4262444315272481
-0.5681913676644468
-0.2735460138705612
-0.4300254514366504
-0.5730336043107265
-0.25500893633836613
-0.4213363714129151
-0.550418502483359
-0.22469767483004457
-0.40881997148081406
-0.5130173674165383
-0.19505366530877774
-0.38613780413922494
-0.4719537151140029
-0.19338355091143655
-0.37688776664098494
-0.39073479540030087
-0.16083685445578588
-0.3523270688871012
-0.32782853525177447
-0.12652110952593812
-0.3162901615981678
-0.2588392232636995
-0.06725469656860583
-0.2493971799298916
-0.1994367444559328
-0.34816881157672
-0.2480674631682665
-0.2734423951473399
-0.345457047924061
-0.28108479474113346
-0.244105592026595
-0.33824343299338916
-0.3335100417527067
-0.29559042520285156
-0.34351750648995033
-0.3574977662831166
-0.358792672396998
-0.35482482136587423
-0.3794307876903314
-0.38452960602441644
-0.34429728725870096
-0.38722989253929374
-0.37280885180668966
-0.33457311298064984
-0.38573111262463666
-0.3638602439296168
-0.3317469693703185
-0.3992950811204938
-0.3435984369285095
-0.3289134429011803
-0.39869454563540985
-0.3084669139565002
-0.33188329655406695
-0.40720463330406265
-0.3143574934012796
-0.3406036495796663
-0.40002199352250456
-0.32962917991793184
-0.3364962679326432
-0.40733833211317866
-0.34348916642164024
-0.3128074467323935
-0.4161493356252863
-0.36267734377450445
-0.3192016178541924
-0.41170284847184496
-0.3510536226276144
-0.3229395587689738
-0.4130604295284499
-0.3381838835460623
-0.3128402467060534
-0.404627310381136
-0.3168426727306168
-0.29035071603433504
-0.39752419245505577
-0.3109666646651659
-0.2547328002946327
-0.3890344671135406
-0.2922884464007921
-0.24646546574900277
-0.3894605966263147
-0.2974124484571542
-0.22994898789430618
-0.44514541515344364
-0.32666670031257194
-0.18153135400668755
-0.3981595025284539
-0.35193070973492685
-0.4709752447242366
-0.5507247401207073
-0.4583447210931927
-0.46386194906111655
-0.5455061382380759
-0.44379008735419484
-0.46286471138781415
-0.5386457920142496
-0.4097501397581233
-0.45522695746190406
-0.5371362485574386
-0.4076670643287382
-0.4574942910440783
-0.5319386688043798
-0.40160146784229434
-0.4497588412250953
-0.5318932143495684
-0.376668798367292
-0.4454462405290885
-0.5283664132562824
-0.3697690206300733
-0.4334184763391717
-0.5249786073823808
-0.366086399948865
-0.4268854241147563
-0.5140960258094306
-0.32053905002679534
-0.4296412831796657
-0.5045357145592124
-0.301841540581871
-0.4192702598393902
-0.4874874740305932
-0.2805114271325238
-0.40473050323086784
-0.476024237017035
-0.2739485279687373
-0.3966489093221663
-0.4569446290805723
-0.27266337906209925
-0.3911724337453873
-0.4333127500643894
-0.24269361982234314
-0.3426708481176147
-0.31803534483772516
-0.4001148497617215
-0.34784846417121784
-0.32648384891542176
-0.412265619689638
-0.36042640785256364
-0.34539077536842827
-0.4560293394269021
-0.3613009875310844
-0.35696922916183255
-0.443179871178775
-0.3654591891386172
-0.3640457109942808
-0.418648791175988
-0.3970009554741516
-0.37609737669358456
-0.4246602677999883
-0.42072535067180833
-0.39442011676560845
-0.4327556425459856
-0.41429418360460224
-0.40336633832826335
-0.4152082376925456
-0.444673869241763
-0.420550562391052
-0.41220562218366746
-0.45597208752785884
-0.4341516436165514
-0.3758087477543119
-0.4619594075781687
-0.43953259563650365
-0.365832743381047
-0.47401411479549366
-0.44680761677366615
-0.347846890257243
-0.46479885190888637
-0.44975257708538047
-0.34989745337759054
-0.45245519780142684
-0.4539870910289512
-0.3627473080321618
-0.4619828496667498
-0.47225871712832346
-0.36054290319458143
-0.4457860507628628
-0.4822845682837994
-0.3719556431330047
-0.43560130469415226
-0.48753264498177934
-0.40439286292146
-0.41407978505702675
-0.4949239239913264
-0.4504291454401237
-0.40355305597731744
-0.4979983952554709
-0.49420617188875215
-0.3840117380297794
-0.49673056862715625
-0.506300892011257
-0.38222825468471083
-0.4933415038010691
-0.5151925402316122
-0.3789723337823692
-0.4933415038010691
-0.5659699545606279
-0.3649867411409242
-0.49866571468779636
-0.5589689395145646
-0.36001673523419603
-0.4939402775014164
-0.5773167245982689
-0.36998576461216376
-0.4889303335823632
-0.539912414634088
-0.3819900249990588
-0.4955838480912743
-0.5087577344311147
-0.3938113211314171
-0.49720032635661016
-0.534806287572358
-0.4085330732662232
-0.4798218646033344
-0.5268870407985448
-0.4232868501100801
-0.4726528335178518
-0.46901203448855494
-0.39752494526467447
-0.4598136208116437
-0.4236693155810322
-0.398068679652517
-0.4574533637591422
-0.39092222524696935
-0.41273702473471074
-0.46230564231067006
-0.43443679923271317
-0.4228143148490514
-0.46668535274289713
-0.42221003570875265
-0.4321742738313742
-0.46668535274289713
-0.4194975569960701
-0.4407656858266554
-0.46524199509277503
-0.42355227719275373
-0.4416502488667634
-0.4645064554541846
-0.40285387483749385
-0.43220234609786634
-0.47234718289260663
-0.4235621274932324
-0.4276013691446969
-0.47444589046739605
-0.41667892659718503
-0.43149956099491255
-0.47638568003843496
-0.43898379202309235
-0.43198446090514014
-0.47503317688261487
-0.4309059852002216
-0.43133488285798194
-0.4760538500796499
-0.4465169943436692
-0.42604850310975934
-0.4805184847091733
-0.44768756084665895
-0.41665927874742975
-0.47312696292695844
-0.42981538093547855
-0.4111888870780483
-0.46913653150661516
-0.44620412531388703
-0.40449629088827277
-0.4681957705261214
-0.42749124532664334
-0.3880879883918235
-0.46329876947936655
-0.4350606995316593
-0.3798982243632373
-0.4620712100936966
-0.4408001635041889
-0.35512652605349804
-0.4681095002269843
-0.4324256500708243
-0.39807875391346265
-0.5601997502696667
-0.4728871808372135
-0.4093951027039574
-0.5458227306648603
-0.4900208618683956
-0.4417523292146862
-0.33498308283677497
-0.175040059970591
-0.4455070064576447
-0.35091638496339844
-0.179280328992224
-0.440602616493415
-0.3741103509524493
-0.17392787702130005
-0.4457352712108166
-0.3850010819727239
-0.17203793430964967
-0.4451511384563707
-0.3895620559795056
-0.17361186621375282
-0.4433204900059976
-0.407041863014346
-0.18027031474096986
-0.4534661005534032
-0.43446331967501295
-0.1877501412105654
-0.4429379307030957
-0.43954294867571747
-0.2007415159092526
-0.4479709344236993
-0.4450162433550629
-0.2580821520563538
-0.4537945890534883
-0.46173085656252233
-0.2894946585692131
-0.44576498594860225
-0.47416695754429145
-0.2893978094344547
-0.4522210866449581
-0.4815756511635087
-0.3143771799776225
-0.45853902017776893
-0.49475820837654216
-0.3611763898800237
-0.4620636025456535
-0.5080579571876753
-0.3825670374796002
-0.46436478168645506
-0.506271906026653
-0.384835474345655
-0.4574275878617564
-0.5178750864473244
-0.41486522551607957
-0.45621976513351253
-0.5227728194536637
-0.42559850214558587
-0.4720200277533949
-0.5262996205469497
-0.43236482538752585
-0.45935249657733535
-0.5358036827871915
-0.48215820933196035
-0.4702390526989153
-0.5304763137062084
-0.5077673983143506
-0.4881480746797015
-0.543412979548965
-0.5718889318549294
-0.4800903607337384
-0.5509259277890995
-0.554809644011916
-0.4908759352280736
-0.5544383130946704
-0.5556958778511942
-0.49428647786196145
-0.5522340445748655
-0.5424872048070628
-0.4906634192379807
-0.5558434094692288
-0.5465667538351421
-0.49242612222315285
-0.5547282172246841
-0.5343835572101211
-0.4887552994532634
-0.5520014857398052
-0.5281888622797272
-0.49055940085482697
-0.563948814260687
-0.5303666804567484
-0.48661597372032
-0.5725376859784402
-0.5277830120116538
-0.49772405114811397
-0.5741257416370452
-0.5425242715806528
-0.4970612998178438
-0.5741257416370452
-0.5385157179781147
-0.5055156165570711
-0.5707845123744197
-0.5415431383982011
-0.5168411435557849
-0.5679399327070671
-0.5344190338742058
-0.5047990384301434
-0.575806921548898
-0.533777110850013
-0.4998952585950195
-0.575806921548898
-0.5230425922001272
-0.541068767960169
-0.5703694593729479
-0.4899802753556336
-0.5302091932793339
-0.5703694593729479
-0.5072137193169659
-0.5166505272158457
-0.5660634633669338
-0.5132046569468313
-0.516173103290068
-0.5509901073927038
-0.4976226889547409
-0.5140797149265478
-0.5509901073927038
-0.49959249205821105
-0.5021333136995085
-0.5539351420214773
-0.48184421394898425
-0.5035996947729015
-0.5577161619308796
-0.46736726279111557
-0.5035707006678212
-0.5507855684609212
-0.5093726709641168
-0.4998268397240393
-0.5517153561214473
-0.4902197389260047
-0.5031869456836502
-0.5483502354126689
-0.4942664572129166
-0.4879952670149965
-0.5424838848699174
-0.474591410834252
-0.4755692636185898
-0.5306695950856055
-0.46514497185750014
-0.48159967290360584
-0.5291989955916148
-0.48544956034050724
-0.47869582629397023
-0.5314315854695414
-0.4789218729623285
-0.462560822482533
-0.5217445581155518
-0.5151464407941826
-0.44198663400437116
-0.5115267721690787
-0.5218954273458366
-0.43136649957044365
-0.5050942299991706
-0.5077043495129562
-0.42166657807869395
-0.5050942299991706
-0.48867423984794284
-0.42375531304586483
-0.4986006668561644
-0.4776560284010618
-0.4013530624198953
-0.49562525296464743
-0.4724731728940059
-0.48162616443334094
-0.4777742405059323
-0.4748687666939881
-0.45144278671635124
-0.543406931548912
-0.4502332480662112
-0.4297230865094506
-0.5227162471265816
-0.4363007083662014
-0.4068293342769937
-0.506409494394244
-0.40977756994004244
-0.39206378034231515
-0.5021611357650838
-0.3909926456904254
-0.3459033923000044
-0.4665097424474073
-0.3917141929972658
-0.3220294861403011
-0.450989030109441
-0.36248942024589786
-0.3094356269525657
-0.429058583623
-0.37187656960540166
-0.29308745212062565
-0.42107784662206793
-0.3747074757809204
-0.30181756756705147
-0.28130510288657784
-0.09869409387631152
-0.2874889913956365
-0.2722890812071827
-0.052080493276900446
-0.27998350719246945
-0.2538394626843971
0.0005994806316550074
-0.2543475144659662
-0.23716450889204865
-0.05637419189324899
-0.23817243666513782
-0.22577178535496753
-0.09767422135719929
-0.27568902290304687
-0.28945260791727734
-0.1257205503857757
-0.37717800229626935
-0.4130849823569255
-0.24163303261219057
-0.3675926699981494
-0.4046364782792289
-0.23477018231510877
-0.3550147263168037
-0.38572955182622237
-0.23315902115765985
-0.35414014663828236
-0.3741510980328181
-0.23904327972957448
-0.34089035510105803
-0.36382379777654184
-0.2556688828873378
-0.30764947677890686
-0.3418009052699541
-0.2663616024058991
-0.2213675999396721
-0.3711347752620211
-0.336858900185127
-0.2840295963340601
-0.4034465346053918
-0.35211644217193194
-0.35713008926851136
-0.23065531748491536
-0.22104409044326626
-0.43943595709358835
-0.3173517708200989
-0.15244902636160235
-0.36579075163520297
-0.2232556535879602
-0.2695752900326218
-0.4298815448839397
-0.30937103381916675
-0.15527993253712088
-0.24049316783030325
-0.14289487514661398
-0.13809015213346829
-0.41638185854147775
-0.2826722343429333
-0.1646670818966251
-0.3276457956470197
-0.1919553675340254
-0.17370974984025883
-0.3999397509491553
-0.26621864696283054
-0.13544230914525707
-0.20348100714622086
-0.2522929425346588
-0.4666924106654763
-0.3286764166684968
-0.3013036197580884
-0.3934113476994647
-0.1996241284331054
-0.24897329054085643
-0.441963327927653
-0.3231999410917176
-0.2814849883615945
-0.3483128696924222
-0.04935613368795474
-0.21174615764337718
-0.15022692043369223
-0.2802749190911016
-0.38751323247876845
-0.34787617315029895
-0.09107627055490837
-0.14199160983404052
-0.14803417289651535
-0.2851793090553314
-0.3643192664897176
-0.353228625121223
-0.20810158624851832
-0.3301899917566241
-0.33691449957849445
-0.2800466543379298
-0.353428535469443
-0.3551185678328736
-0.0526116317284565
-0.17636856901800885
-0.1468166332203741
-0.2806307870923756
-0.3488675614626613
-0.35354463592877045
-0.11158431759489043
-0.11465110940783971
-0.11960336046490241
-0.2824614355427487
-0.33138775442782087
-0.34688618740155375
-0.19108876604849018
-0.2782064873207025
-0.32610626794650305
-0.27231582499534335
-0.3039662977671539
-0.3394063609319581
-0.24405930783542643
-0.26649540282392525
-0.132668300291539
-0.2843809500881148
-0.3197367225552651
-0.24821207535948214
-0.22896371055240286
-0.24836682577871996
-0.18054332853164143
-0.280346578297953
-0.3083018552324446
-0.250828844877609
-0.05925226769123065
-0.0599350294537246
-0.07028551634596739
-0.05816543472735496
-0.05324131973133989
-0.11554377506794306
-0.3031060246822868
-0.1578304749732378
-0.26857706390480185
-0.18225907948020023
-0.10654341414137825
-0.13735631797029002
-0.33308190473279575
-0.22350920207307778
-0.10851476964812955
-0.3557318399924915
-0.2297799839311604
-0.1272996938977463
-0.2461888446127041
-0.1416052207150958
-0.1148680002448336
-0.3051297135684168
-0.208878770801063
-0.07698501933783257
-0.23522536706120875
-0.13917202943758
-0.20750699869054023
-0.27083849049272035
-0.1881880863787326
-0.0516542431302529
-0.2203045792413095
-0.24392145720452824
-0.46449388984125517
-0.315118347183016
-0.2624053804251319
-0.3178275211399498
-0.20178688920775473
-0.23627504255741472
-0.47494712806585965
-0.3005785905744936
-0.2509421434115735
-0.2893524133667899
-0.1889430376060105
-0.21063793031104233
-0.4865664970634483
-0.2902075672342183
-0.23389390288295442
-0.2570855447184449
-0.19256813818567617
-0.2050560792416263
-0.49652248193804993
-0.2988965014339895
-0.22433359163273625
-0.21956657779537667
-0.18488587602664008
-0.1922775019421043
-0.44489830993144786
-0.29236344920957397
-0.21345101005978595
-0.1610701021936585
-0.12138947663261627
-0.09552812453360465
-0.09119285466352661
-0.07449359174132213
-0.12879560055796344
-0.14366880076666566
-0.2828439948456508
-0.2988866687664493
-0.33123741297007464
-0.2778109911250471
-0.2934133740871039
-0.3310833223609927
-0.1790320131654409
-0.25290980470479607
-0.3172553039041651
-0.27198733649525797
-0.2766987608796444
-0.3259389275134486
-0.07929680835910156
-0.10918758645978052
-0.15563815295846953
-0.2800169396001439
-0.26426265989787523
-0.32997948235478347
-0.14416228608460122
-0.08187007594161608
-0.08178382275190824
-0.27112437111428916
-0.25685396627865786
-0.32365573927281094
-0.15974190320971277
-0.2179180124570967
-0.31388104173706943
-0.2648064375814782
-0.24367140906562443
-0.3182596933532856
-0.0749129846760015
-0.08187361303261331
-0.14921712525123418
-0.2612818552135936
-0.2249907082345389
-0.31020993298937977
-0.18811080338737224
-0.22232765665567705
-0.20519445222470753
-0.24977923728594892
-0.2869119923226926
-0.24903354309745512
-0.16464223790109186
-0.2167366450199812
-0.22728282693665117
-0.23001157915102263
-0.2733109110971932
-0.2696370002671044
-0.15399499789130472
-0.19788524955349918
-0.23989046769746583
-0.2285869302185688
-0.26792995907724093
-0.2537253859239326
-0.09444716689674645
-0.08174551739284548
-0.0071806226404976334
-0.21835673482486606
-0.25672940772988734
-0.24905253916140058
-0.10391025615143869
-0.09229945842731685
-0.0031153496511779973
-0.22578770802967343
-0.25093986775082044
-0.24756517687893598
-0.10208140936378997
-0.1026241367457486
0.002940233710659424
-0.22674592146449168
-0.24670535380724976
-0.23171119595310652
-0.07459193232726387
-0.07004470952374175
-0.013834918226466405
-0.09445131359438243
-0.10159322533232132
-0.017545894441305103
-0.21064916873010187
-0.23109894786007373
-0.2305631071684247
-0.09135182169736156
-0.09592430612228503
0.05360086323397885
-0.21956910618959863
-0.2235968966333327
-0.2070490669680916
-0.06536934124993057
-0.056574266077212
-0.0423541733304533
-0.06166843389857665
-0.06458433566701555
-0.04383909087274743
-0.07232099723696873
-0.08674950651710489
0.06217279610622132
-0.22488875529379798
-0.21081273213378918
-0.19024506124820748
-0.04860007757633381
-0.05121492587008365
-0.12677027758163426
-0.10621450552098219
-0.07181430408614756
-0.10974419066761097
-0.24170920633189183
-0.16615908578218433
-0.027018724502476044
-0.04336312851893947
-0.049256949299453276
-0.12491860687070448
-0.17909182122298573
-0.11299485341836042
-0.11802293903081335
-0.20805316628641343
-0.14376133598376045
-0.007141571855212246
-0.23513185877081857
-0.14830807332346918
-0.021607274589083552
-0.041318073118901566
-0.04662020257045667
-0.144815197977134
-0.10932370248068582
-0.06463082001744222
-0.10906682589048988
-0.1820408577829922
-0.13726777284075428
0.018401737229624373
-0.20537533425968485
-0.13726777284075428
0.0009626289183265514
-0.13897948059091808
-0.09709130141120925
-0.07087271019342628
-0.16298944876806812
-0.1308352306708461
0.036904151101348225
-0.07047868001641419
-0.05736865406159698
-0.07395061908183283
-0.14305776129608466
-0.12061744472437322
0.03813335443631996
-0.026959564541363824
-0.03675534958172007
-0.12898151716439607
-0.10018491442891604
-0.07157453480214854
-0.05501742827074981
-0.12419488260606608
-0.10531846406178537
0.07769681116973076
-0.1301119244878324
-0.11093041737038356
0.056542355444724086
-0.18142793887250022
-0.09174183377649973
-0.0423861849135303
-0.05161580132639558
-0.045645301775033634
-0.04592684849965069
-0.12419488260606608
-0.1021751723470815
0.05923805777485948
-0.03163581638295547
-0.033612057867016196
-0.06817094387741783
-0.09281156856708965
-0.06686577754114734
0.06772332823157166
-0.13038199328471173
-0.08333828002278146
0.014923891329439293
-0.11287305179039994
-0.09036088256276958
0.06971446469328794
-0.07089644402806554
-0.04943953444823721
0.0835725384627344
-0.17474725684192197
-0.18455256630861536
-0.33277251194349
-0.2803356850196572
-0.21006320418588437
-0.15738748151245022
-0.1632231001329022
-0.18073755202925912
-0.2329760559285187
-0.1676654231092334
-0.18098031076051796
-0.2936012728676863
-0.2682876345046671
-0.20649094863778694
-0.125555034300229
-0.2760230843236502
-0.2065364030925984
-0.15048770377523144
-0.17759964475702444
-0.17750441270987982
-0.15744720783725275
-0.2705549680868414
-0.20129336888472812
-0.11948943781378518
-0.18169015521407794
-0.1740240149814658
-0.10410626939894493
-0.262917214160931
-0.19978382542791712
-0.11740636238440011
-0.19214468443012056
-0.1553931179780887
-0.05355423906252562
-0.18997490839821737
-0.16968493549127195
-0.06516234653394921
-0.25480668082450886
-0.1877048773214595
-0.06881178104933043
-0.26191997648762877
-0.1929234792040908
-0.0833664147883283
-0.17588869071117466
-0.13977735919631928
-0.017311582517468806
-0.2374940567674242
-0.18064890854113738
-0.054709585037315066
-0.1508228252525956
-0.11696578793169952
0.027809033824712597
-0.2323072216009151
-0.16627188893633094
-0.038271185883191984
-0.13549470081090967
-0.0943447816960368
0.05458973901812678
-0.20874757468943075
-0.16107352312690118
-0.05026307073261751
-0.08291227003663612
-0.08396794835996493
-0.14578258519788845
-0.1829694273607194
-0.15660490118327697
-0.032317862164779755
-0.07325287387852089
-0.06672874143086441
-0.10485280975074436
-0.08339410614389382
-0.08894843499721086
-0.15182142474244045
-0.17401143951537584
-0.15219722565998708
-0.019253797221259628
-0.08148439634831932
-0.04930610100463142
-0.0660802197079045
-0.07391301660823188
-0.08716098914682095
-0.14353393181951937
-0.1576031370189266
-0.1436908597188688
-0.021320639766273287
-0.06160536605624938
-0.04087154934481812
-0.03739800251984642
-0.06266199639438816
-0.0323117593433708
-0.015257541986804988
-0.07194506808941134
-0.02323854371281888
-0.018204068254379174
-0.08122705894685305
-0.025759810446451308
-0.013300092985455016
-0.09295532332981692
-0.023788956174848278
-0.008683623609283514
-0.10506453437176501
-0.025753396608527816
-0.004378651616216125
-0.1344188827550189
-0.0681363500720577
-0.06397151842229587
-0.258980676072792
-0.22073821079374628
-0.30807919399970896
-0.10835766121441695
-0.025556092332080383
-0.01213946245698459
-0.09403193077845591
-0.06659260193171396
-0.16247592288924806
-0.26591786989749067
-0.20913503037307496
-0.3028044467440631
-0.26712569262573466
-0.20423729736673568
-0.2915302854150852
-0.10558842817773532
-0.02551063787726896
-0.01213946245698459
-0.12257905207148106
-0.06266782781376362
-0.06397151842229587
-0.2513254300058521
-0.20071049627344972
-0.2902185237859084
-0.2639929611819118
-0.19120643403320792
-0.2758320880584324
-0.11073538017707316
-0.04670736315686312
-0.05934828095917464
-0.10464066809661488
-0.05557736739476063
-0.14606788004805932
-0.24793330199578384
-0.18475532830117092
-0.26641183758361664
-0.23002428001499742
-0.17181866245841443
-0.2778802683386722
-0.10230447011838636
-0.021173508117681657
-0.016532844173087948
-0.2283970309651288
-0.16430571421827989
-0.2683473865899228
-0.15756020868307338
-0.1835789380409946
-0.29066498428707843
-0.15840453300417606
-0.16569579615593893
-0.2636926256014478
-0.08327630275146243
-0.0416154258742392
-0.05158848631155664
-0.0883339459422172
-0.04985412633732557
-0.1387980299165089
-0.2176114564707936
-0.16345854906490526
-0.25997282743057
-0.21420091383690557
-0.1621943500992124
-0.2680262114505065
-0.12609256084674242
-0.14313220610059818
-0.2518145424168348
-0.11666871227712097
-0.13741147708716733
-0.2446940162337595
-0.08656649545818594
-0.04985412633732557
-0.12198069642682455
-0.2178239724608868
-0.15858498520484898
-0.25683347869074413
-0.21606126947571472
-0.15858498520484898
-0.24276793434185298
-0.06716433418877425
-0.02807940604044653
-0.04719510459545328
-0.21973209224560364
-0.15258505317261994
-0.2404104631822939
-0.12183656428038014
-0.12235016542067022
-0.20941444406849063
-0.2179279908440403
-0.13766027795750135
-0.22155390652547524
-0.0821683978195107
-0.03646550689154157
-0.11437638944673206
-0.2133753442453237
-0.12907140623974808
-0.21394327853264777
-0.09605163177899907
-0.07263695282331208
0.1134647230331086
-0.08311990376448307
-0.0963999388432344
-0.13560382420478165
-0.1459591639428734
-0.1393764065462606
0.0007523918534054601
-0.08736957036673466
-0.09838925014126437
-0.1311802780599637
-0.13869402398549285
-0.13547424092763524
-0.012814307472228099
-0.1061330821536919
-0.10607108433327964
-0.13769455363907324
-0.12715692677198456
-0.1280827191454204
0.01975004277648999
-0.10115526018376575
-0.021173508117681657
-0.01213946245698459
-0.09609142656366007
-0.015310112536831115
-0.01213946245698459
-0.062252742804886775
-0.023091133967617986
-0.030836461655898904
-0.20226726681752988
-0.1274833505811431
-0.20965450907972955
-0.09044896040497229
-0.006721240819077857
-0.01213946245698459
-0.07393294470413875
-0.04229564351727959
-0.11209322528936916
-0.2029300181477999
-0.1274833505811431
-0.2071418884428637
-0.19447570140857265
-0.12985233714467642
-0.2071418884428637
-0.11248105774282752
-0.12076210976206525
-0.19500242598587908
-0.03949183737237219
-0.023091133967617986
-0.030836461655898904
-0.18315017440985895
-0.12985233714467642
-0.20988242032815801
-0.10872125255556025
-0.1152641074837677
-0.1899779319196504
-0.19519227953550047
-0.12198534830284555
-0.21051722787174332
-0.07739074830400362
-0.03599997812364048
-0.11057520054946948
-0.20009605937062422
-0.12198534830284555
-0.19910088729887315
-0.12390956792811932
-0.17498389033704184
-0.24187191652090245
-0.1218774518782346
-0.15260186072168858
-0.244107675577413
-0.12466451210070162
-0.1380426684596861
-0.22624700536361259
-0.11619785513571951
-0.12511129930155124
-0.21853198737949747
-0.1282172844922371
-0.12057892422497318
-0.21643772513894985
-0.15256775805682932
-0.11696955933060976
-0.1932153585868406
-0.14001452401264305
-0.10439221661352513
-0.1788180474238306
-0.1436583370374867
-0.10676120317705845
-0.1790459586722591
-0.22976895356629723
-0.20342145312424215
-0.15769788556062295
-0.2364535535862034
-0.20034698186009764
-0.1254116846520448
-0.15904770610594055
-0.08828209946749133
0.146204586553311
-0.15247871897310525
-0.08828209946749133
0.13614392175911297
-0.1559190166114792
-0.09122713409626493
0.1704192051398553
-0.2533401227819749
-0.19302593677065907
-0.1038887019659677
-0.25286123187602
-0.19302593677065907
-0.09714657350919578
-0.25399139513436997
-0.19302593677065907
-0.06115007206388856
-0.16936149024308458
-0.09055028760178943
0.12816161502050102
-0.17501538847382242
-0.0873045125389234
0.13357977287930306
-0.26329513296447665
-0.18863151354445792
-0.07227469895122865
-0.26519504837366503
-0.1853857384815919
-0.08777640054554817
-0.08746878071271237
-0.08351466570272789
0.10851165743594783
-0.17786024750937193
-0.08787203014062198
0.07295454152503913
-0.15891957303862753
-0.08419596232594762
0.006604957172186067
-0.22766444973622052
-0.16603976556239475
-0.05525406711309288
-0.26803990740921463
-0.18595325608329047
-0.08741265782973065
-0.25365617911274024
-0.17929974157437933
-0.10451876281156905
-0.2436938111837542
-0.17382644689503388
-0.08363210470420503
-0.2142798118197694
-0.1664951962237713
-0.09578001073456917
-0.20286551168511074
-0.1635364441737916
-0.16437646633376268
-0.22594727740962076
-0.1739357757878108
-0.09547515833990687
-0.2063495270889858
-0.1739357757878108
-0.12181739472489525
-0.19804451836004297
-0.15964211531607442
-0.1976492527166064
-0.19340804960024313
-0.1563740329253355
-0.20672800270839603
-0.20530518195794972
-0.17004144693009363
-0.15625002604425792
-0.20530518195794972
-0.16859170085173134
-0.16197832324580325
-0.08442799371764989
-0.08895812353040575
0.09740311806774349
-0.18338339256170144
-0.153966108689169
-0.18756861220340876
-0.18047319490812494
-0.13895011391877782
-0.1743413293963138
-0.1718643900229982
-0.12699213568260873
-0.16099280773814545
-0.19528052491940803
-0.16373942230020347
-0.15522981217117474
-0.19508840879008849
-0.15548431784275088
-0.13607298264873247
-0.1908213807700505
-0.15548431784275088
-0.138777795464732
-0.16517289020066034
-0.12151973591570484
-0.1290543625258371
-0.14207033075866607
-0.1130530013870934
-0.12034395753555721
-0.18535884181765444
-0.15548431784275088
-0.12211189731666709
-0.18412988094771265
-0.1533763314158384
-0.14211643373435212
-0.1404916450523062
-0.09747946320826277
-0.12117479751406093
-0.04363823589540642
-0.05083099705442047
-0.018274032554203422
-0.18412988094771265
-0.1455356039774164
-0.1357870834082047
-0.18127759507956437
-0.14343689640262697
-0.13906127046923183
-0.04363823589540642
-0.04805614076915364
-0.014612285894143656
-0.03929645903031767
-0.04609360437630164
-0.014681213477513033
-0.17693581821447563
-0.13869950372450815
-0.11424810256342866
-0.03771777332395782
-0.04775702778673464
-0.022624508264825812
-0.03771777332395782
-0.04830767803789135
-0.013066277236265997
-0.1753571325081158
-0.1353137214141315
-0.11767317141832029
-0.17413736758665815
-0.13429304821709642
-0.10159196398566955
-0.04205955018904657
-0.04032333002874499
-0.02177247619879487
-0.0977099983297599
-0.04384304340836792
-0.012832759533252896
-0.1725764956670018
-0.129828413587573
-0.09921898407235405
-0.0955621254785812
-0.04384304340836792
0.0003896867385942991
-0.1704286228158231
-0.129828413587573
-0.08452681373481616
-0.02018595161699409
-0.03396458192704604
0.006942465209170016
-0.09376737719058212
-0.04225498774976295
-0.016432031175160535
-0.16863387452782402
-0.12991667938929088
-0.0817047686820413
-0.01895699074705231
-0.028492182160142147
0.022215012273413437
-0.0888160003043044
-0.038881295557648486
-0.004768367307364047
-0.1636824976415463
-0.12654298719717644
-0.07834461704960617
-0.014615213881963563
-0.016534203923973045
0.03826834674758135
-0.0888160003043044
-0.03527193066328507
-0.05235835138657591
-0.1636824976415463
-0.12293362230281302
-0.07284200538960399
-0.08402150774742498
-0.0320918145256651
-0.05060320824926212
-0.16291427382478899
-0.11975350616519304
-0.05403847647355442
-0.011897132357706593
-0.00977331361103447
0.03233880003223404
-0.011897132357706593
-0.01221766792639583
0.044749679462592874
-0.1619078248058169
-0.021584902448753277
-0.0726035084860895
-0.1619078248058169
-0.10924659408828122
-0.04446778133908154
-0.007260663597906749
-0.010399331614019207
0.04139922667234852
-0.007260663597906749
-0.010399331614019207
0.042559071608867426
-0.012587099433911071
-0.00665330985004596
0.009698261318970352
-0.010277812722282054
-0.00665330985004596
-0.0025797802750963774
-0.010277812722282054
-0.00473739267811883
-0.06876481809750634
-0.005326435836004322
-0.00771483937235562
-0.11528796278339307
-0.005326435836004322
-0.00771483937235562
-0.11123434936408633
-0.005326435836004322
-0.00771483937235562
-0.0968246041233433
-0.03765657168219562
-0.03745293252094952
-0.03071611467011119
-0.09415419310264461
-0.08042940022397572
0.09907779197233359
-0.09415419310264461
-0.08322700333105565
0.0845766229145088
-0.026959564541363824
-0.033612057867016196
-0.017978046875687943
-0.005326435836004322
-0.012109262598556773
-0.08245044490653605
-0.03765657168219562
-0.03745293252094952
0.010609375680112762
-0.08525443623422166
-0.0745379233073204
0.1289753462678483
-0.08525443623422166
-0.0745379233073204
0.11449839510997982
-0.08525443623422166
-0.08135918788450183
0.12333770501766012
-0.026959564541363824
-0.028874665188897364
0.006839764578063941
-0.005326435836004322
-0.007371869920437942
-0.07771741336857753
-0.07629652353723361
-0.06980053062920157
0.15455675455066797
-0.07629652353723361
-0.06980053062920157
0.15110227599329118
-0.020798016164250477
-0.028874665188897364
0.022157477715015795
-0.005326435836004322
-0.007371869920437942
-0.07950988705912408
-0.017447866621335243
-0.03271553984283068
0.007547372627441238
-0.037949931577811465
-0.03271553984283068
0.018984657935823917
-0.025790607583102042
-0.04063734759042309
0.19498697735647746
-0.04306287132892321
-0.05042117864895741
0.16192466051198393
-0.053759878469755
-0.05042117864895741
0.1764031736568586
-0.06420190002525822
-0.054727174654971456
0.17642925435138726
-0.017447866621335243
-0.028874665188897364
0.0390423776811306
-0.005326435836004322
-0.01007111298031127
-0.05487738341573342
-0.017447866621335243
-0.03271553984283068
0.010816420007079858
-0.025790607583102042
-0.03779276792307051
0.2215285246985409
-0.025790607583102042
-0.04063734759042309
0.21714495205984016
-0.025790607583102042
-0.04063734759042309
0.2171378365792325
-0.017447866621335243
-0.028874665188897364
0.013423648465103067
-0.005326435836004322
-0.01007111298031127
-0.07628295620453585
-0.017447866621335243
-0.03271553984283068
-0.010249909175080462
-0.025790607583102042
-0.03682052522397834
0.2145697884017787
-0.025790607583102042
-0.03682052522397834
0.22502227851785858
-0.025790607583102042
-0.03682052522397834
0.2185011042784548
-0.01212143078533092
-0.028874665188897364
-0.02610116982318129
-0.017294533849878686
-0.03682052522397834
0.2247640848397008
0.0
-0.00709366628607448
-0.05920249876758812
-0.07014422492549457
-0.0608433511467519
0.005304520964523181
-0.01212143078533092
-0.025897218494660573
0.013768683786140254
-0.017294533849878686
-0.02511641501263352
0.24999498940945197
-0.017294533849878686
-0.033843078529741555
0.24144282331949846
-0.01212143078533092
-0.025897218494660573
-0.012851636216295734
0.0
-0.00709366628607448
-0.04421220506312067
-0.029393694531152086
-0.03126395587573434
0.09773019594456163
-0.05228655536008358
-0.04683006023628938
0.08151631327155275
-0.06124446805707163
-0.04683006023628938
0.03223245191427777
-0.017294533849878686
-0.02400122276808885
0.28335691411504604
-0.017294533849878686
-0.02400122276808885
0.27624373038336286
-0.01212143078533092
-0.023197975434787247
-0.004360523451562399
-0.017294533849878686
-0.018803552208586094
0.20235053959198923
-0.017294533849878686
-0.022644426862519412
0.1655435111705161
-0.01212143078533092
-0.022644426862519412
0.16395678938775207
-0.01212143078533092
-0.022644426862519412
0.12730882727377274
-0.01212143078533092
-0.023197975434787247
0.05883433935178637
-0.017294533849878686
-0.023197975434787247
0.2960005284593155
-0.017294533849878686
-0.020532755282590964
0.2885122031392409
-0.007609570854046819
-0.018803552208586094
0.2031037888100975
-0.002436467789499055
-0.023197975434787247
0.10707424914018249
-0.007609570854046819
-0.023197975434787247
0.24702273375544365
-0.007609570854046819
-0.023197975434787247
0.3226126980510783
-0.002436467789499055
-0.011419500621767274
0.04330930235984487
-0.002436467789499055
-0.0053809520199522435
0.20383127133106438
-0.002436467789499055
-0.011419500621767274
0.19542684703091118
-0.002436467789499055
-0.011419500621767274
0.23083379524786965
-0.03296186230550452
-0.021546513460060035
0.11418975418732338
-0.043403883861007735
-0.037112617820615076
0.09382035891810442
-0.052361796557995784
-0.040437839769969466
0.09259437200551027
-0.005173103064547764
0.0018959957265717263
0.28909536659965857
-0.005173103064547764
-0.007945860035080975
0.24162041480198804
-0.008342740961766798
-0.007945860035080975
0.19773417715605404
-0.008342740961766798
-0.01176268240152572
0.167205664653398
-0.002436467789499055
-0.011419500621767274
0.11173249750318406
-0.002436467789499055
-0.011419500621767274
0.18997228541814792
0.0
0.0
0.18752449288802486
-0.005173103064547764
0.0
0.3003610519108779
-0.056497621420448986
-0.04297646770302622
0.13635621605818704
-0.07257908127967046
-0.056529870572047884
0.12221329205324592
-0.07257908127967046
-0.06324879066277626
0.13256762752118068
-0.008342740961766798
-0.005077228080239813
0.21071210469146107
-0.008342740961766798
-0.0079218077475924
0.1874396047290362
-0.02625196844744675
-0.02201163481214076
0.15744459641556327
-0.04759786455202604
-0.037084990786370876
0.1183659705877355
-0.11844033213548981
-0.1280827191454204
0.021422654476018797
-0.12030967510410563
-0.1280827191454204
0.020952456186815734
-0.005173103064547764
0.0026652201521962836
0.22967786378745447
-0.005173103064547764
0.000780803482027057
0.23622630562331165
-0.008342740961766798
-0.004104985381147656
0.2248196975768591
-0.10944969850316667
-0.12054683057214381
0.03219270875891393
-0.11690296132448444
-0.12054683057214381
0.028583694923893708
-0.11734654633935757
-0.12334443367922374
0.026075392443997866
-0.08828179043272727
-0.10013498733720198
-0.020252443728596668
-0.09173652625781782
-0.10157834498732407
-0.059732115548065616
-0.09360638952921922
-0.10442187105282692
-0.12213467818593804
-0.10278627094732101
-0.11625994685651889
0.03111885031827937
-0.0996573979044359
-0.11770330450664096
0.018507672366898067
-0.10000179573426962
-0.12054683057214381
0.017813806429322985
-0.09007753128301813
-0.09244959018111268
0.05276283948276722
-0.08779695817460337
-0.09625959331197646
0.02574404635024972
-0.09279736535200027
-0.09625959331197646
0.06251010926136501
-0.08763226557668874
-0.10013498733720198
0.03112651621496241
-0.12295179832612162
-0.10857454970042957
0.05276283948276722
-0.12240806393827906
-0.11238455283129337
0.02574404635024972
-0.11776437589462703
-0.11238455283129337
0.06251010926136501
-0.10787920190960588
-0.11625994685651889
0.03112651621496241
-0.025335310709229602
-0.04236274709110665
0.15843253583538344
-0.040038715876293714
-0.06529619910787664
0.13157910868808517
-0.05683012965083021
-0.07571604861718731
0.07173628588663332
-0.1154907299623489
-0.10708709120502322
-0.19748515502854044
-0.08827679323357447
-0.06740284419052274
0.0912818901340397
-0.0913015748729018
-0.08467197705102156
0.09520569699592854
-0.09614554834967988
-0.09184100813650418
0.06367292707092728
-0.018683532341145705
-0.026029089887281226
0.24394858880456685
-0.018683532341145705
-0.026029089887281226
0.2230648240781676
-0.018683532341145705
-0.026029089887281226
0.1796461852731073
-0.10057014194088475
-0.05910360145915854
0.13793662300129436
-0.08775625352736752
-0.06354602777651316
0.10016857032129509
-0.09013572143694669
-0.06354602777651316
0.08611999510016052
-0.018683532341145705
-0.015598600472474241
0.15075785464769276
-0.018683532341145705
-0.015598600472474241
0.16471638810223804
-0.018683532341145705
-0.014668812811948139
0.17609670607332897
-0.1198744434265659
-0.10520267453485398
-0.2076426106994179
-0.09069243898801507
-0.05206217687043869
0.08518261159828507
-0.09281819663200667
-0.05206217687043869
0.0999635244819936
-0.09750005144334484
-0.05113238920991259
0.10408713632327048
-0.008342740961766798
-0.004104985381147656
0.13734844533464233
-0.008342740961766798
-0.0079218077475924
0.1447135082018008
-0.008342740961766798
-0.01178535285278512
0.14370435162654635
-0.08193318692542222
-0.040084240326598304
0.08097052885822366
-0.08577531598522539
-0.040084240326598304
0.09246135439827365
-0.08843006473699182
-0.048673112044351555
0.08303309183470192
-0.057719442003078734
-0.03444414825160641
-0.07337037162760388
-0.06529186556079589
-0.028443167143887026
-0.06762038888942605
-0.0735904459636554
-0.03597925494545065
-0.05637791647641865
-0.1154362181359357
-0.11923944829807609
-0.19874430513286126
-0.0604267685962847
-0.03254815252503468
0.051848207958573554
-0.06529186556079589
-0.040084240326598304
0.06748142202714444
-0.03251102417064823
-0.03773717260596586
0.07030612811400298
-0.04249894044915868
-0.03773717260596586
0.06730200184274505
-0.050058862449689795
-0.03507195245376958
-0.05004462636811991
-0.12719419365344714
-0.12300549106518058
-0.18928945021544233
-0.03519536561018655
-0.03773717260596586
0.07030612811400298
-0.04658080628282785
-0.03773717260596586
0.06730200184274505
-0.05314990715189447
-0.03507195245376958
0.063949508220483
-0.03280907115088334
-0.03096706272842223
0.09240162716245617
-0.030358558826818594
-0.03489259293861328
0.06974292727611994
-0.07743257502345859
-0.0321624325790059
-0.05225215380352718
-0.03523558775200906
-0.03096706272842223
0.09240162716245617
-0.03341107592838684
-0.03489259293861328
0.06974292727611994
-0.02305360013384657
-0.026761423881458933
0.13888058042763143
-0.025336583907984003
-0.03096706272842223
0.13408266313859943
-0.03356337882309876
-0.03096706272842223
0.11828924587889329
-0.12568121733841872
-0.120160911397828
-0.16648714854222038
-0.031141163646191246
-0.026761423881458933
0.13888058042763143
-0.031328819021034515
-0.03096706272842223
0.13408266313859943
-0.03979825886986506
-0.03096706272842223
0.11828924587889329
-0.010340791379378905
-0.01605862421588361
0.16465325848863516
-0.014128520574780657
-0.021021959697465235
0.15381121576294474
-0.02113149329568731
-0.020531335478628194
0.16386536806336433
-0.020675624788823118
-0.02427277812129328
0.15381121576294474
-0.010340791379378905
-0.007309290247516174
0.14829304387731895
-0.010340791379378905
-0.007309290247516174
0.1456975171951513
-0.08008732377522502
-0.03688775919156644
-0.06067125979184449
-0.010340791379378905
-0.007309290247516174
0.15506664876582618
-0.01943238130907051
-0.010560108671344218
0.14716117192080272
-0.010340791379378905
-0.007309290247516174
0.05431287010797121
-0.010340791379378905
-0.007309290247516174
0.11780054437754825
-0.010340791379378905
-0.007309290247516174
0.11987929986222379
-0.010340791379378905
-0.007309290247516174
0.16203185844203866
-0.00593307513486204
-0.003813247619689122
0.05044215249712283
-0.00593307513486204
-0.007309290247516174
0.04872137988783775
-0.00593307513486204
-0.003813247619689122
0.10894846537928443
-0.00593307513486204
-0.007309290247516174
0.11459138023138866
-0.00593307513486204
0.0
0.05372975272146029
-0.00593307513486204
0.0
0.053763804857479065
-0.07200890664686938
-0.03646357639796446
-0.06557524304940773
-0.00593307513486204
0.0
0.06461954696616408
-0.00593307513486204
0.0
0.09381974661199839
-0.00593307513486204
0.0
0.022525743296899013
-0.00593307513486204
0.0
0.03536405969949341
-0.00593307513486204
0.0
0.031770583157793054
-0.00593307513486204
0.0
0.04270733835679108
0.0
0.0
0.0
0.0
0.0
0.012949125679648593
0.0
0.0
0.058506312882161605
0.0
0.0
0.0
0.0
0.0
0.012949125679648593
-0.032874267043103526
-0.016124959519316882
0.0
-0.03461110576367578
-0.016124959519316882
0.0
-0.02496701054262683
-0.016124959519316882
0.0
-0.02024693633291722
-0.016124959519316882
0.0
-0.014504480514593819
-0.016124959519316882
0.0
-0.007920871646618154
-0.016124959519316882
0.0
-0.001222303140502737
-0.016124959519316882
0.0
0.01121413452372991
-0.016124959519316882
0.0
-0.08647102697994014
-0.006721240819077857
-0.020539295952092865
-0.09061395035310789
-0.010965184360678002
-0.020539295952092865
-0.05268430541962413
-0.02026701203753156
-0.028517485838718458
-0.07529112479955453
-0.03165360924105628
-0.10399487500797792
-0.14165028625965406
-0.11763897942026134
-0.19910088729887315
-0.14181285379965725
-0.11763897942026134
-0.19634595648241568
-0.14492949830764226
-0.11763897942026134
-0.19038109954707919
-0.08179152566126843
-0.011898059402814418
-0.020539295952092865
-0.03825622165453424
-0.02026701203753156
-0.028517485838718458
-0.13331229872144457
-0.11763897942026134
-0.18409056773844984
-0.1354056870849648
-0.11763897942026134
-0.17866628607760324
-0.05980108921104194
-0.023971181934163862
-0.08937113398797661
-0.1383941756150158
-0.10995655211336892
-0.17428763446138715
-0.044181851854736554
-0.01648599212812929
-0.025168802164179063
-0.13692779454162288
-0.10617553220396667
-0.17428763446138715
-0.08855591845884925
-0.00811703949341215
-0.01616064433587674
-0.05059275662687902
-0.01862316945721565
-0.0773041270977134
-0.13695678864670324
-0.1062848610967436
-0.14112153619606702
-0.13180089272206216
-0.1062848610967436
-0.13601455518885194
-0.05119890344654946
-0.10667379505958334
-0.17580666053032282
-0.05361416142369651
-0.10574092001744692
-0.15812699012551037
-0.0484008701878541
-0.09816782160333144
-0.12496089186019024
-0.03983357987706361
-0.01648599212812929
-0.013854957995728653
-0.12844078676245135
-0.10685237869844216
-0.11746666784411512
-0.048467862219557546
-0.09873533920503
-0.11451874516079023
-0.12491360674334978
-0.10558485000947965
-0.12227955600155871
-0.08896598084003002
-0.09737196738272978
-0.1705834014601547
-0.0950560770669104
-0.09737196738272978
-0.15557308189973137
-0.09274594268688643
-0.08968954007583736
-0.14911883229720804
-0.13763935918415798
-0.09260589934820651
-0.1207872379150283
-0.13763935918415798
-0.09260589934820651
-0.0995668890859156
-0.13763935918415798
-0.08755669362739685
-0.09504866315349442
-0.13641959426270034
-0.08598537017920507
-0.08852568674940361
-0.09539595003436796
-0.011957978236169104
-0.017030649919566015
-0.07889276607736401
-0.011957978236169104
0.026839292008875477
-0.09539595003436796
-0.011957978236169104
-0.01599813542211805
-0.07889276607736401
-0.011957978236169104
0.017573944763187625
0.0
0.0
-0.009265347245687856
0.0
0.0
0.0010325144974479632
0.0
0.0
0.028135727147008002
0.0
0.0
-0.020483654003028158
0.0
0.0
-0.0034352682242922935
0.0
0.0
-0.01704838577873586
0.0
0.0
-0.006562309415742273
0.0
-0.004394423226201152
0.005514774652377864
0.0
-0.0060385486018150305
-0.008404424300153281
-0.002436467789499055
-0.011419500621767274
0.03526013856817964
-0.002436467789499055
-0.011419500621767274
0.1905131701176195
-0.002436467789499055
-0.0053809520199522435
0.16610031785318544
-0.002436467789499055
-0.0053809520199522435
0.11424917427958066
-0.002436467789499055
-0.0053809520199522435
0.1656204683264568
-0.002436467789499055
-0.011419500621767274
0.16575816620284076
-0.002436467789499055
0.0
0.040479907846280416
-0.002436467789499055
0.0
0.1522795810907861
-0.002436467789499055
0.0
0.1108764171079102
0.0
0.0
0.09222078964671508
0.0
0.0
0.09222078964671508
-0.002436467789499055
0.0
0.1108764171079102
0.0
0.0
0.04163569030738741
0.0
0.0
0.0882770839401386
0.0
0.0
0.04664139363275119
0.0
0.0
0.11179967324450563
0.0
0.0
0.1552530315494399
0.0
0.0
0.051371294046876015
0.0
0.0
0.07823978791496376
-0.005173103064547764
0.0
0.13994848461526102
0.0
0.0018959957265717263
0.1252185795861774
0.0
-0.004104985381147656
0.1351018109165705
0.0
0.0
0.007343278657297669
0.0
0.0
0.010889794244703804
0.0
0.0
0.040055941754519334
0.0
0.0
0.009244839860894038
-0.07145218909580099
-0.03751693788923195
-0.09352619017294682
-0.0690727211862218
-0.03751693788923195
-0.12289625375687253
-0.06294148252434488
-0.025040097099416098
-0.06715064570134374
-0.05126285899660815
-0.019375777943144927
-0.03637341169215656
-0.08188660959973904
-0.03307451157187732
-0.1060119658032725
-0.039315418698849705
-0.016124959519316882
-0.008063358815706039
0.008144585166629203
-0.016124959519316882
0.0
0.00643241275834491
0.0
0.0
0.01709660247972408
0.0
0.0
-0.07644574452379228
-0.006849510804449644
-0.007760810840768464
-0.040040242855823895
-0.017923158369951703
-0.06472172409637564
-0.12601777932408995
-0.10558485000947965
-0.12124958805988198
-0.03513414597523561
-0.013545771218453701
-0.009281928910981207
-0.11998737003907385
-0.10391215778876657
-0.11940375297174623
-0.04807165458297024
-0.09513473956010529
-0.10477698462491827
-0.11697417476694283
-0.09606761460224171
-0.10477698462491827
-0.027258592341074434
-0.008405922962713763
-0.050143415784660195
-0.12016334177012779
-0.09606761460224171
-0.050143415784660195
0.0
-0.0060385486018150305
-0.0003421516503446929
0.0
0.0
0.06200897227482329
0.0
0.0
0.06200897227482329
0.0
0.0
0.004822426736803572
0.0
0.0
0.004822426736803572
0.0
0.0
0.11399413458860284
0.0
0.0
0.0
0.0
0.0
0.0
0.0
0.0
0.0
0.0
0.0
0.0
0.0
0.0
0.0
0.0
0.0
0.0
-0.03595261871246842
-0.005701228031928842
0.002914010673342133
-0.12080584277630665
-0.09606761460224171
-0.04216522589803462
-0.08860720688538776
-0.09036638657031286
-0.10361170984838648
-0.07413466429086099
-0.03646357639796446
-0.06475286362024442
0.0
0.0
0.06587000034355094
-0.07881651910219917
-0.03646357639796446
-0.07200956975005848
0.0
0.0
0.0655664297542526
-0.008087563512344681
0.0
0.0
-0.00599223511305052
0.0
0.0
-0.006234880046766308
0.0
0.0
-0.0024265166011257122
0.0
0.0
-0.0030525171015682415
0.0
0.0
-0.002684341439538329
0.0
0.0
-0.004081865833669163
0.0
0.0
0.01371428319607982
0.0
0.0
0.005228123829154076
0.0
0.0
-0.0037265890667320537
0.0
0.0
-0.006341638757941297
0.0
0.0
-0.06890252018397265
-0.0009328750421364163
0.0
-0.01111103913102415
0.0
0.0
-0.05390000914189536
-0.005701228031928842
0.0
-0.018038252091811487
0.0
0.0
-0.11237456819530997
-0.09606761460224171
-0.03785388985919086
-0.02994221444105098
-0.005701228031928842
0.0
-0.009514652864637015
-0.005701228031928842
0.0
-0.01584172158791905
-0.008405922962713763
-0.03944489121290679
-0.09874001321036709
-0.09606761460224171
-0.03944489121290679
-0.09397344621646764
-0.09606761460224171
-0.042358901886248926
-0.08929700435803203
-0.09449629115404992
-0.0330760546594335
0.002250900385577313
-0.005701228031928842
0.0005292463699570859
-0.002446554783513442
-0.006834599514521979
-0.025269010946058792
-0.002446554783513442
-0.09449629115404992
-0.025269010946058792
-0.0035006483396742634
-0.006834599514521979
-0.025269010946058792
-0.007568749171351818
-0.005701228031928842
0.0
0.01412931346104337
-0.008510920974844858
-0.008864162554351048
0.009070874529121446
-0.006834599514521979
-0.013870774438489022
0.01412931346104337
-0.008510920974844858
-0.008864162554351048
0.0022174252257473625
-0.005701228031928842
0.0
0.02109406094200103
-0.005701228031928842
0.0005292463699570859
0.02201369478606073
-0.006488497745922395
-0.008864162554351048
0.020061217700413705
-0.005701228031928842
0.0
0.012629419133032907
-0.004768352989792426
0.0
0.012629419133032907
-0.004768352989792426
0.0
-0.05847455905341465
-0.09036638657031286
-0.03785388985919086
-0.05935478991698107
-0.08879506312212108
-0.0330760546594335
0.01663962370047325
-0.0011333714825931373
-0.013870774438489022
0.01784379247466634
0.0
0.0
-0.08485322406383829
-0.09036638657031286
-0.11012182406076503
-0.08485322406383829
-0.09036638657031286
-0.045079236571376746
-0.08445879335183064
-0.09036638657031286
-0.042358901886248926
-0.005751548725251574
-0.0011333714825931373
-0.025798257316015878
-0.0748664973372419
-0.08598537017920507
-0.08638622453910122
-0.0748664973372419
-0.08598537017920507
-0.08491650047341051
-0.0748664973372419
-0.08766169163952794
-0.05871042809113854
-0.0748664973372419
-0.08766169163952794
-0.05652786396350635
-0.010790701916308407
-0.004472711262744582
-0.0007878904252708093
-0.009091589929691609
-0.0032508184238280438
0.001463654725651403
-0.006547104214042463
-0.0032508184238280438
0.0
-0.003091044702204684
0.0
0.0
-0.00270732659320597
0.0
0.0
0.0
-0.007536087801563625
0.0
-0.004005525545084048
0.0
0.0
0.00975859809372782
0.0
0.0
0.013535246287759489
0.0
0.0
-0.0011279162802124176
0.0
0.0
0.006741483665468025
0.0
0.0
0.007869399945680443
0.0
0.0
0.0009196338440597
-0.0007872697139935525
-0.009393408924308132
0.003776648194031669
0.0
0.0
-0.0748664973372419
-0.08766169163952794
0.0
-0.07889276607736401
-0.08766169163952794
0.0
0.0
-0.08766169163952794
0.0
0.0
0.0
0.04423131406449045
0.0
0.0
0.006773604888507218
0.0
0.0
0.0
0.0
0.0
0.0
0.0
0.0
0.0
0.0
0.0
0.0
0.0
0.0
0.0
0.0
0.0
0.0
0.0
0.0
0.0
0.0
0.0
0.0
0.0
0.0
0.0
0.0
0.0
0.0
0.0
0.0
0.0
0.0
0.0
0.0
0.0
0.0
0.0
0.0
0.0
0.0
0.0
0.0
0.0
0.0
0.0
0.0
0.0
0.0
0.0
0.0
0.0
0.0
0.0
0.0
0.0
0.0
0.0
0.0
0.0
0.0
0.0
0.0
0.0
0.0
0.0
0.0
0.0
0.0
0.0
0.0
0.0
0.0
0.0
0.0
0.0
0.0
0.0
0.0
0.0
0.0
0.0
0.0
0.0
0.0
0.0
0.0
0.0
0.0
0.0
0.0
0.0
0.0
0.0
0.0
0.0
0.0
0.0
0.0
0.0
0.0
0.0
0.0
0.0
0.0
0.0
0.0
0.0
0.0
0.0
0.0
0.0
0.0
0.0
0.0
0.0
0.0
0.0
0.0
0.0
0.0
0.0
0.0
0.0
0.0
0.0
0.0
0.0
0.0
0.0
0.0
0.0
0.0
0.0
0.0
0.0
0.0
0.0
0.0
0.0
0.0
0.0
0.0
0.0
0.0
0.0
0.0
0.0
0.0
0.0
0.0
0.0
0.0
0.0
0.0
0.0
0.0
0.0
0.0
0.0
0.0
0.0
0.0
0.0
0.0
0.0
0.0
0.0
0.0
0.0
0.0
0.0
0.0
0.0
0.0
0.0
0.0
0.0
0.0
0.0
0.0
0.0
0.0
0.0
0.0
0.0
0.0
0.0
0.0
0.0
0.0
0.0
0.0
0.0
0.0
0.0
0.0
0.0
0.0
0.0
0.0
0.0
0.0
0.0
0.0
0.0
0.0
0.0
0.0
0.0
0.0
0.0
0.0
0.0
0.0
0.0
0.0
0.0
0.0
0.0
0.0
0.0
0.0
0.0
0.0
0.0
0.0
0.0
0.0
0.0
0.0
0.0
0.0
0.0
0.0
0.0
0.0
0.0
0.0
0.0
0.0
0.0
0.0
0.0
0.0
0.0
0.0
0.0
0.0
0.0
0.0
0.0
0.0
0.0
0.0
0.0
0.0
0.0
0.0
0.0
0.0
0.0
0.0
0.0
0.0
0.0
0.0
0.0
0.0
0.0
0.0
0.0
0.0
0.0
0.0
0.0
0.0
0.0
0.0
0.0
0.0
0.0
0.0
0.0
0.0
0.0
0.0
0.0
0.0
0.0
0.0
0.0
0.0
0.0
0.0
0.0
0.0
0.0
0.0
0.0
0.0
0.0
0.0
0.0
0.0
0.0
0.0
0.0
0.0
0.0
0.0
0.0
0.0
0.0
0.0
0.0
0.0
0.0
0.0
0.0
0.0
0.0
0.0
0.0
0.0
0.0
0.0
0.0
0.0
0.0
0.0
0.0
0.0
0.0
0.0
0.0
0.0
0.0
0.0
0.0
0.0
0.0
0.0
0.0
0.0
0.0
0.0
0.0
0.0
0.0
0.0
0.0
0.0
0.0
0.0
0.0
0.0
0.0
0.0
0.0
0.0
0.0
0.0
0.0
0.0
0.0
0.0
0.0
0.0
0.0
0.0
0.0
0.0
0.0
0.0
0.0
0.0
0.0
0.0
0.0
0.0
0.0
0.0
0.0
0.0
0.0
0.0
0.0
0.0
0.0
0.0
0.0
0.0
0.0
0.0
0.0
0.0
0.0
0.0
0.0
0.0
0.0
0.0
0.0
0.0
0.0
0.0
0.0
0.0
0.0
0.0
0.0
0.0
0.0
0.0
0.0
0.0
0.0
0.0
0.0
0.0
0.0
0.0
0.0
0.0
0.0
0.0
0.0
0.0
0.0
0.0
0.0
0.0
0.0
0.0
0.0
0.0
0.0
0.0
0.0
0.0
0.0
0.0
0.0
0.0
0.0
0.0
0.0
0.0
0.0
0.0
0.0
0.0
0.0
0.0
0.0
0.0
0.0
0.0
0.0
0.0
0.0
0.0
0.0
0.0
0.0
0.0
0.0
0.0
0.0
0.0
0.0
0.0
0.0
0.0
0.0
0.0
0.0
0.0
0.0
0.0
0.0
0.0
0.0
0.0
0.0
0.0
0.0
0.0
0.0
0.0
0.0
0.0
0.0
0.0
0.0
0.0
0.0
0.0
0.0
0.0
0.0
0.0
0.0
0.0
0.0
0.0
0.0
0.0
0.0
0.0
0.0
0.0
0.0
0.0
0.0
0.0
0.0
0.0
0.0
0.0
0.0
0.0
0.0
0.0
0.0
0.0
0.0
0.0
0.0
0.0
0.0
0.0
0.0
0.0
0.0
0.0
0.0
0.0
0.0
0.0
0.0
0.0
0.0
0.0
0.0
0.0
0.0
0.0
0.0
0.0
0.0
0.0
0.0
0.0
0.0
0.0
0.0
0.0
0.0
0.0
0.0
0.0
0.0
0.0
0.0
0.0
0.0
0.0
0.0
0.0
0.0
0.0
0.0
0.0
0.0
0.0
0.0
0.0
0.0
0.0
0.0
0.0
0.0
0.0
0.0
0.0
0.0
0.0
0.0
0.0
0.0
0.0
0.0
0.0
0.0
0.0
0.0
0.0
0.0
0.0
0.0
0.0
0.0
0.0
0.0
0.0
0.0
0.0
0.0
0.0
0.0
0.0
0.0
0.0
0.0
0.0
0.0
0.0
0.0
0.0
0.0
0.0
0.0
0.0
0.0
0.0
0.0
0.0
0.0
0.0
0.0
0.0
0.0
0.0
0.0
0.0
0.0
0.0
0.0
0.0
0.0
0.0
0.0
0.0
0.0
0.0
0.0
0.0
0.0
0.0
0.0
0.0
0.0
0.0
0.0
0.0
0.0
0.0
0.0
0.0
0.0
0.0
0.0
0.0
0.0
0.0
0.0
0.0
0.0
0.0
0.0
0.0
0.0
0.0
0.0
0.0
0.0
0.0
0.0
0.0
0.0
0.0
0.0
0.0
0.0
0.0
0.0
0.0
0.0
0.0
0.0
0.0
0.0
0.0
0.0
0.0
0.0
0.0
0.0
0.0
0.0
0.0
0.0
0.0
0.0
0.0
0.0
0.0
0.0
0.0
0.0
0.0
0.0
0.0
0.0
0.0
0.0
0.0
0.0
0.0
0.0
0.0
0.0
0.0
0.0
0.0
0.0
0.0
0.0
0.0
0.0
0.0
0.0
0.0
0.0
0.0
0.0
0.0
0.0
0.0
0.0
0.0
0.0
0.0
0.0
0.0
0.0
0.0
0.0
0.0
0.0
0.0
0.0
0.0
0.0
0.0
0.0
0.0
0.0
0.0
0.0
0.0
0.0
0.0
0.0
0.0
0.0
0.0
0.0
0.0
0.0
0.0
0.0
0.0
0.0
0.0
0.0
0.0
0.0
0.0
0.0
0.0
0.0
0.0
0.0
0.0
0.0
0.0
0.0
0.0
0.0
0.0
0.0
0.0
0.0
0.0
0.0
0.0
0.0
0.0
0.0
0.0
0.0
0.0
0.0
0.0
0.0
0.0
0.0
0.0
0.0
0.0
0.0
0.0
0.0
0.0
0.0
0.0
0.0
0.0
0.0
0.0
0.0
0.0
0.0
0.0
0.0
0.0
0.0
0.0
0.0
0.0
0.0
0.0
0.0
0.0
0.0
0.0
0.0
0.0
0.0
0.0
0.0
0.0
0.0
0.0
0.0
0.0
0.0
0.0
0.0
0.0
0.0
0.0
0.0
0.0
0.0
0.0
0.0
0.0
0.0
0.0
0.0
0.0
0.0
0.0
0.0
0.0
0.0
0.0
0.0
0.0
0.0
0.0
0.0
0.0
0.0
0.0
0.0
0.0
0.0
0.0
0.0
0.0
0.0
0.0
0.0
0.0
0.0
0.0
0.0
0.0
0.0
0.0
0.0
0.0
0.0
0.0
0.0
0.0
0.0
0.0
0.0
0.0
0.0
0.0
0.0
0.0
0.0
0.0
0.0
0.0
0.0
0.0
0.0
0.0
0.0
0.0
0.0
0.0
0.0
0.0
0.0
0.0
0.0
0.0
0.0
0.0
0.0
0.0
0.0
0.0
0.0
0.0
0.0
0.0
0.0
0.0
0.0
0.0
0.0
0.0
0.0
0.0
0.0
0.0
0.0
0.0
0.0
0.0
0.0
0.0
0.0
0.0
0.0
0.0
0.0
0.0
0.0
0.0
0.0
0.0
0.0
0.0
0.0
0.0
0.0
0.0
0.0
0.0
0.0
0.0
0.0
0.0
0.0
0.0
0.0
0.0
0.0
0.0
0.0
0.0
0.0
0.0
0.0
0.0
0.0
0.0
0.0
0.0
0.0
0.0
0.0
0.0
0.0
0.0
0.0
0.0
0.0
0.0
0.0
0.0
0.0
0.0
0.0
0.0
0.0
0.0
0.0
0.0
0.0
0.0
0.0
0.0
0.0
0.0
0.0
0.0
0.0
0.0
0.0
0.0
0.0
0.0
0.0
0.0
0.0
0.0
0.0
0.0
0.0
0.0
0.0
0.0
0.0
0.0
0.0
0.0
0.0
0.0
0.0
0.0
0.0
0.0
0.0
0.0
0.0
0.0
0.0
0.0
0.0
0.0
0.0
0.0
0.0
0.0
0.0
0.0
0.0
0.0
0.0
0.0
0.0
0.0
0.0
0.0
0.0
0.0
0.0
0.0
0.0
0.0
0.0
0.0
0.0
0.0
0.0
0.0
0.0
0.0
0.0
0.0
0.0
0.0
0.0
0.0
0.0
0.0
0.0
0.0
0.0
0.0
0.0
0.0
0.0
0.0
0.0
0.0
0.0
0.0
0.0
0.0
0.0
0.0
0.0
0.0
0.0
0.0
0.0
0.0
0.0
0.0
0.0
0.0
0.0
0.0
0.0
0.0
0.0
0.0
0.0
0.0
0.0
0.0
0.0
0.0
0.0
0.0
0.0
0.0
0.0
0.0
0.0
0.0
0.0
0.0
0.0
0.0
0.0
0.0
0.0
0.0
0.0
0.0
0.0
0.0
0.0
0.0
0.0
0.0
0.0
0.0
0.0
0.0
0.0
0.0
0.0
0.0
0.0
0.0
0.0
0.0
0.0
0.0
0.0
0.0
0.0
0.0
0.0
0.0
0.0
0.0
0.0
0.0
0.0
0.0
0.0
0.0
0.0
0.0
0.0
0.0
0.0
0.0
0.0
0.0
0.0
0.0
0.0
0.0
0.0
0.0
0.0
0.0
0.0
0.0
0.0
0.0
0.0
0.0
0.0
0.0
0.0
0.0
0.0
0.0
0.0
0.0
0.0
0.0
0.0
0.0
0.0
0.0
0.0
0.0
0.0
0.0
0.0
0.0
0.0
0.0
0.0
0.0
0.0
0.0
0.0
0.0
0.0
0.0
0.0
0.0
0.0
0.0
0.0
0.0
0.0
0.0
0.0
0.0
0.0
0.0
0.0
0.0
0.0
0.0
0.0
0.0
0.0
0.0
0.0
0.0
0.0
0.0
0.0
0.0
0.0
0.0
0.0
0.0
0.0
0.0
0.0
0.0
0.0
0.0
0.0
0.0
0.0
0.0
0.0
0.0
0.0
0.0
0.0
0.0
0.0
0.0
0.0
0.0
0.0
0.0
0.0
0.0
0.0
0.0
0.0
0.0
0.0
0.0
0.0
0.0
0.0
0.0
0.0
0.0
0.0
0.0
0.0
0.0
0.0
0.0
0.0
0.0
0.0
0.0
0.0
0.0
0.0
0.0
0.0
0.0
0.0
0.0
0.0
0.0
0.0
0.0
0.0
0.0
0.0
0.0
0.0
0.0
0.0
0.0
0.0
0.0
0.0
0.0
0.0
0.0
0.0
0.0
0.0
0.0
0.0
0.0
0.0
0.0
0.0
0.0
0.0
0.0
0.0
0.0
0.0
0.0
0.0
0.0
0.0
0.0
0.0
0.0
0.0
0.0
0.0
0.0
0.0
0.0
0.0
0.0
0.0
0.0
0.0
0.0
0.0
0.0
0.0
0.0
0.0
0.0
0.0
0.0
0.0
0.0
0.0
0.0
0.0
0.0
0.0
0.0
0.0
0.0
0.0
0.0
0.0
0.0
0.0
0.0
0.0
0.0
0.0
0.0
0.0
0.0
0.0
0.0
0.0
0.0
0.0
0.0
0.0
0.0
0.0
0.0
0.0
0.0
0.0
0.0
0.0
0.0
0.0
0.0
0.0
0.0
0.0
0.0
0.0
0.0
0.0
0.0
0.0
0.0
0.0
0.0
0.0
0.0
0.0
0.0
0.0
0.0
0.0
0.0
0.0
0.0
0.0
0.0
0.0
0.0
0.0
0.0
0.0
0.0
0.0
0.0
0.0
0.0
0.0
0.0
0.0
0.0
0.0
0.0
0.0
0.0
0.0
0.0
0.0
0.0
0.0
0.0
0.0
0.0
0.0
0.0
0.0
0.0
0.0
0.0
0.0
0.0
0.0
0.0
0.0
0.0
0.0
0.0
0.0
0.0
0.0
0.0
0.0
0.0
0.0
0.0
0.0
0.0
0.0
0.0
0.0
0.0
0.0
0.0
0.0
0.0
0.0
0.0
0.0
0.0
0.0
0.0
0.0
0.0
0.0
0.0
0.0
0.0
0.0
0.0
0.0
0.0
0.0
0.0
0.0
0.0
0.0
0.0
0.0
0.0
0.0
0.0
0.0
0.0
0.0
0.0
0.0
0.0
0.0
0.0
0.0
0.0
0.0
0.0
0.0
0.0
0.0
0.0
0.0
0.0
0.0
0.0
0.0
0.0
0.0
0.0
0.0
0.0
0.0
0.0
0.0
0.0
0.0
0.0
0.0
0.0
0.0
0.0
0.0
0.0
0.0
0.0
0.0
0.0
0.0
0.0
0.0
0.0
0.0
0.0
0.0
0.0
0.0
0.0
0.0
0.0
0.0
0.0
0.0
0.0
0.0
0.0
0.0
0.0
0.0
0.0
0.0
0.0
0.0
0.0
0.0
0.0
0.0
0.0
0.0
0.0
0.0
0.0
0.0
0.0
0.0
0.0
0.0
0.0
0.0
0.0
0.0
0.0
0.0
0.0
0.0
0.0
0.0
0.0
0.0
0.0
0.0
0.0
0.0
0.0
0.0
0.0
0.0
0.0
0.0
0.0
0.0
0.0
0.0
0.0
0.0
0.0
0.0
0.0
0.0
0.0
0.0
0.0
0.0
0.0
0.0
0.0
0.0
0.0
0.0
0.0
0.0
0.0
0.0
0.0
0.0
0.0
0.0
0.0
0.0
0.0
0.0
0.0
0.0
0.0
0.0
0.0
0.0
0.0
0.0
0.0
0.0
0.0
0.0
0.0
0.0
0.0
0.0
0.0
0.0
0.0
0.0
0.0
0.0
0.0
0.0
0.0
0.0
0.0
0.0
0.0
0.0
0.0
0.0
0.0
0.0
0.0
0.0
0.0
0.0
0.0
0.0
0.0
0.0
0.0
0.0
0.0
0.0
0.0
0.0
0.0
0.0
0.0
0.0
0.0
0.0
0.0
0.0
0.0
0.0
0.0
0.0
0.0
0.0
0.0
0.0
0.0
0.0
0.0
0.0
0.0
0.0
0.0
0.0
0.0
0.0
0.0
0.0
0.0
0.0
0.0
0.0
0.0
0.0
0.0
0.0
0.0
0.0
0.0
0.0
0.0
0.0
0.0
0.0
0.0
0.0
0.0
0.0
0.0
0.0
0.0
0.0
0.0
0.0
0.0
0.0
0.0
0.0
0.0
0.0
0.0
0.0
0.0
0.0
0.0
0.0
0.0
0.0
0.0
0.0
0.0
0.0
0.0
0.0
0.0
0.0
0.0
0.0
0.0
0.0
0.0
0.0
0.0
0.0
0.0
0.0
0.0
0.0
0.0
0.0
0.0
0.0
0.0
0.0
0.0
0.0
0.0
0.0
0.0
0.0
0.0
0.0
0.0
0.0
0.0
0.0
0.0
0.0
0.0
0.0
0.0
0.0
0.0
0.0
0.0
0.0
0.0
0.0
0.0
0.0
0.0
0.0
0.0
0.0
0.0
0.0
0.0
0.0
0.0
0.0
0.0
0.0
0.0
0.0
0.0
0.0
0.0
0.0
0.0
0.0
0.0
0.0
0.0
0.0
0.0
0.0
0.0
0.0
0.0
0.0
0.0
0.0
0.0
0.0
0.0
0.0
0.0
0.0
0.0
0.0
0.0
0.0
0.0
0.0
0.0
0.0
0.0
0.0
0.0
0.0
0.0
0.0
0.0
0.0
0.0
0.0
0.0
0.0
0.0
0.0
0.0
0.0
0.0
0.0
0.0
0.0
0.0
0.0
0.0
0.0
0.0
0.0
0.0
0.0
0.0
0.0
0.0
0.0
0.0
0.0
0.0
0.0
0.0
0.0
0.0
0.0
0.0
0.0
0.0
0.0
0.0
0.0
0.0
0.0
0.0
0.0
0.0
0.0
0.0
0.0
0.0
0.0
0.0
0.0
0.0
0.0
0.0
0.0
0.0
0.0
0.0
0.0
0.0
0.0
0.0
0.0
0.0
0.0
0.0
0.0
0.0
0.0
0.0
0.0
0.0
0.0
0.0
0.0
0.0
0.0
0.0
0.0
0.0
0.0
0.0
0.0
0.0
0.0
0.0
0.0
0.0
0.0
0.0
0.0
0.0
0.0
0.0
0.0
0.0
0.0
0.0
0.0
0.0
0.0
0.0
0.0
0.0
0.0
0.0
0.0
0.0
0.0
0.0
0.0
0.0
0.0
0.0
0.0
0.0
0.0
0.0
0.0
0.0
0.0
0.0
0.0
0.0
0.0
0.0
0.0
0.0
0.0
0.0
0.0
0.0
0.0
0.0
0.0
0.0
0.0
0.0
0.0
0.0
0.0
0.0
0.0
0.0
0.0
0.0
0.0
0.0
0.0
0.0
0.0
0.0
0.0
0.0
0.0
0.0
0.0
0.0
0.0
0.0
0.0
0.0
0.0
0.0
0.0
0.0
0.0
0.0
0.0
0.0
0.0
0.0
0.0
0.0
0.0
0.0
0.0
0.0
0.0
0.0
0.0
0.0
0.0
0.0
0.0
0.0
0.0
0.0
0.0
0.0
0.0
0.0
0.0
0.0
0.0
0.0
0.0
0.0
0.0
0.0
0.0
0.0
0.0
0.0
0.0
0.0
0.0
0.0
0.0
0.0
0.0
0.0
0.0
0.0
0.0
0.0
0.0
0.0
0.0
0.0
0.0
0.0
0.0
0.0
0.0
0.0
0.0
0.0
0.0
0.0
0.0
0.0
0.0
0.0
0.0
0.0
0.0
0.0
0.0
0.0
0.0
0.0
0.0
0.0
0.0
0.0
0.0
0.0
0.0
0.0
0.0
0.0
0.0
0.0
0.0
0.0
0.0
0.0
0.0
0.0
0.0
0.0
0.0
0.0
0.0
0.0
0.0
0.0
0.0
0.0
0.0
0.0
0.0
0.0
0.0
0.0
0.0
0.0
0.0
0.0
0.0
0.0
0.0
0.0
0.0
0.0
0.0
0.0
0.0
0.0
0.0
0.0
0.0
0.0
0.0
0.0
0.0
0.0
0.0
0.0
0.0
0.0
0.0
0.0
0.0
0.0
0.0
0.0
0.0
0.0
0.0
0.0
0.0
0.0
0.0
0.0
0.0
0.0
0.0
0.0
0.0
0.0
0.0
0.0
0.0
0.0
0.0
0.0
0.0
0.0
0.0
0.0
0.0
0.0
0.0
0.0
0.0
0.0
0.0
0.0
0.0
0.0
0.0
0.0
0.0
0.0
0.0
0.0
0.0
0.0
0.0
0.0
0.0
0.0
0.0
0.0
0.0
0.0
0.0
0.0
0.0
0.0
0.0
0.0
0.0
0.0
0.0
0.0
0.0
0.0
0.0
0.0
0.0
0.0
0.0
0.0
0.0
0.0
0.0
0.0
0.0
0.0
0.0
0.0
0.0
0.0
0.0
0.0
0.0
0.0
0.0
0.0
0.0
0.0
0.0
0.0
0.0
0.0
0.0
0.0
0.0
0.0
0.0
0.0
0.0
0.0
0.0
0.0
0.0
0.0
0.0
0.0
0.0
0.0
0.0
0.0
0.0
0.0
0.0
0.0
0.0
0.0
0.0
0.0
0.0
0.0
0.0
0.0
0.0
0.0
0.0
0.0
0.0
0.0
0.0
0.0
0.0
0.0
0.0
0.0
0.0
0.0
0.0
0.0
0.0
0.0
0.0
0.0
0.0
0.0
0.0
0.0
0.0
0.0
0.0
0.0
0.0
0.0
0.0
0.0
0.0
0.0
0.0
0.0
0.0
0.0
0.0
0.0
0.0
0.0
0.0
0.0
0.0
0.0
0.0
0.0
0.0
0.0
0.0
0.0
0.0
0.0
0.0
0.0
0.0
0.0
0.0
0.0
0.0
0.0
0.0
0.0
0.0
0.0
0.0
0.0
0.0
0.0
0.0
0.0
0.0
0.0
0.0
0.0
0.0
0.0
0.0
0.0
0.0
0.0
0.0
0.0
0.0
0.0
0.0
0.0
0.0
0.0
0.0
0.0
0.0
0.0
0.0
0.0
0.0
0.0
0.0
0.0
0.0
0.0
0.0
0.0
0.0
0.0
0.0
0.0
0.0
0.0
0.0
0.0
0.0
0.0
0.0
0.0
0.0
0.0
0.0
0.0
0.0
0.0
0.0
0.0
0.0
0.0
0.0
0.0
0.0
0.0
0.0
0.0
0.0
0.0
0.0
0.0
0.0
0.0
0.0
0.0
0.0
0.0
0.0
0.0
0.0
0.0
0.0
0.0
0.0
0.0
0.0
0.0
0.0
0.0
0.0
0.0
0.0
0.0
0.0
0.0
0.0
0.0
0.0
0.0
0.0
0.0
0.0
0.0
0.0
0.0
0.0
0.0
0.0
0.0
0.0
0.0
0.0
0.0
0.0
0.0
0.0
0.0
0.0
0.0
0.0
0.0
0.0
0.0
0.0
0.0
0.0
0.0
0.0
0.0
0.0
0.0
0.0
0.0
0.0
0.0
0.0
0.0
0.0
0.0
0.0
0.0
0.0
0.0
0.0
0.0
0.0
0.0
0.0
0.0
0.0
0.0
0.0
0.0
0.0
0.0
0.0
0.0
0.0
0.0
0.0
0.0
0.0
0.0
0.0
0.0
0.0
0.0
0.0
0.0
0.0
0.0
0.0
0.0
0.0
0.0
0.0
0.0
0.0
0.0
0.0
0.0
0.0
0.0
0.0
0.0
0.0
0.0
0.0
0.0
0.0
0.0
0.0
0.0
0.0
0.0
0.0
0.0
0.0
0.0
0.0
0.0
0.0
0.0
0.0
0.0
0.0
0.0
0.0
0.0
0.0
0.0
0.0
0.0
0.0
0.0
0.0
0.0
0.0
0.0
0.0
0.0
0.0
0.0
0.0
0.0
0.0
0.0
0.0
0.0
0.0
0.0
0.0
0.0
0.0
0.0
0.0
0.0
0.0
0.0
0.0
0.0
0.0
0.0
0.0
0.0
0.0
0.0
0.0
0.0
0.0
0.0
0.0
0.0
0.0
0.0
0.0
0.0
0.0
0.0
0.0
0.0
0.0
0.0
0.0
0.0
0.0
0.0
0.0
0.0
0.0
0.0
0.0
0.0
0.0
0.0
0.0
0.0
0.0
0.0
0.0
0.0
0.0
0.0
0.0
0.0
0.0
0.0
0.0
0.0
0.0
0.0
0.0
0.0
0.0
0.0
0.0
0.0
0.0
0.0
0.0
0.0
0.0
0.0
0.0
0.0
0.0
0.0
0.0
0.0
0.0
0.0
0.0
0.0
0.0
0.0
0.0
0.0
0.0
0.0
0.0
0.0
0.0
0.0
0.0
0.0
0.0
0.0
0.0
0.0
0.0
0.0
0.0
0.0
0.0
0.0
0.0
0.0
0.0
0.0
0.0
0.0
0.0
0.0
0.0
0.0
0.0
0.0
0.0
0.0
0.0
0.0
0.0
0.0
0.0
0.0
0.0
0.0
0.0
0.0
0.0
0.0
0.0
0.0
0.0
0.0
0.0
0.0
0.0
0.0
0.0
0.0
0.0
0.0
0.0
0.0
0.0
0.0
0.0
0.0
0.0
0.0
0.0
0.0
0.0
0.0
0.0
0.0
0.0
0.0
0.0
0.0
0.0
0.0
0.0
0.0
0.0
0.0
0.0
0.0
0.0
0.0
0.0
0.0
0.0
0.0
0.0
0.0
0.0
0.0
0.0
0.0
0.0
0.0
0.0
0.0
0.0
0.0
0.0
0.0
0.0
0.0
0.0
0.0
0.0
0.0
0.0
0.0
0.0
0.0
0.0
0.0
0.0
0.0
0.0
0.0
0.0
0.0
0.0
0.0
0.0
0.0
0.0
0.0
0.0
0.0
0.0
0.0
0.0
0.0
0.0
0.0
0.0
0.0
0.0
0.0
0.0
0.0
0.0
0.0
0.0
0.0
0.0
0.0
0.0
0.0
0.0
0.0
0.0
0.0
0.0
0.0
0.0
0.0
0.0
0.0
0.0
0.0
0.0
0.0
0.0
0.0
0.0
0.0
0.0
0.0
0.0
0.0
0.0
0.0
0.0
0.0
0.0
0.0
0.0
0.0
0.0
0.0
0.0
0.0
0.0
0.0
0.0
0.0
0.0
0.0
0.0
0.0
0.0
0.0
0.0
0.0
0.0
0.0
0.0
0.0
0.0
0.0
0.0
0.0
0.0
0.0
0.0
0.0
0.0
0.0
0.0
0.0
0.0
0.0
0.0
0.0
0.0
0.0
0.0
0.0
0.0
0.0
0.0
0.0
0.0
0.0
0.0
0.0
0.0
0.0
0.0
0.0
0.0
0.0
0.0
0.0
0.0
0.0
0.0
0.0
0.0
0.0
0.0
0.0
0.0
0.0
0.0
0.0
0.0
0.0
0.0
0.0
0.0
0.0
0.0
0.0
0.0
0.0
0.0
0.0
0.0
0.0
0.0
0.0
0.0
0.0
0.0
0.0
0.0
0.0
0.0
0.0
0.0
0.0
0.0
0.0
0.0
0.0
0.0
0.0
0.0
0.0
0.0
0.0
0.0
0.0
0.0
0.0
0.0
0.0
0.0
0.0
0.0
0.0
0.0
0.0
0.0
0.0
0.0
0.0
0.0
0.0
0.0
0.0
0.0
0.0
0.0
0.0
0.0
0.0
0.0
0.0
0.0
0.0
0.0
0.0
0.0
0.0
0.0
0.0
0.0
0.0
0.0
0.0
0.0
0.0
0.0
0.0
0.0
0.0
0.0
0.0
0.0
0.0
0.0
0.0
0.0
0.0
0.0
0.0
0.0
0.0
0.0
0.0
0.0
0.0
0.0
0.0
0.0
0.0
0.0
0.0
0.0
0.0
0.0
0.0
0.0
0.0
0.0
0.0
0.0
0.0
0.0
0.0
0.0
0.0
0.0
0.0
0.0
0.0
0.0
0.0
0.0
0.0
0.0
0.0
0.0
0.0
0.0
0.0
0.0
0.0
0.0
0.0
0.0
0.0
0.0
0.0
0.0
0.0
0.0
0.0
0.0
0.0
0.0
0.0
0.0
0.0
0.0
0.0
0.0
0.0
0.0
0.0
0.0
0.0
0.0
0.0
0.0
0.0
0.0
0.0
0.0
0.0
0.0
0.0
0.0
0.0
0.0
0.0
0.0
0.0
0.0
0.0
0.0
0.0
0.0
0.0
0.0
0.0
0.0
0.0
0.0
0.0
0.0
0.0
0.0
0.0
0.0
0.0
0.0
0.0
0.0
0.0
0.0
0.0
0.0
0.0
0.0
0.0
0.0
0.0
0.0
0.0
0.0
0.0
0.0
0.0
0.0
0.0
0.0
0.0
0.0
0.0
0.0
0.0
0.0
0.0
0.0
0.0
0.0
0.0
0.0
0.0
0.0
0.0
0.0
0.0
0.0
0.0
0.0
0.0
0.0
0.0
0.0
0.0
0.0
0.0
0.0
0.0
0.0
0.0
0.0
0.0
0.0
0.0
0.0
0.0
0.0
0.0
0.0
0.0
0.0
0.0
0.0
0.0
0.0
0.0
0.0
0.0
0.0
0.0
0.0
0.0
0.0
0.0
0.0
0.0
0.0
0.0
0.0
0.0
0.0
0.0
0.0
0.0
0.0
0.0
0.0
0.0
0.0
0.0
0.0
0.0
0.0
0.0
0.0
0.0
0.0
0.0
0.0
0.0
0.0
0.0
0.0
0.0
0.0
0.0
0.0
0.0
0.0
0.0
0.0
0.0
0.0
0.0
0.0
0.0
0.0
0.0
0.0
0.0
0.0
0.0
0.0
0.0
0.0
0.0
0.0
0.0
0.0
0.0
0.0
0.0
0.0
0.0
0.0
0.0
0.0
0.0
0.0
0.0
0.0
0.0
0.0
0.0
0.0
0.0
0.0
0.0
0.0
0.0
0.0
0.0
0.0
0.0
0.0
0.0
0.0
0.0
0.0
0.0
0.0
0.0
0.0
0.0
0.0
0.0
0.0
0.0
0.0
0.0
0.0
0.0
0.0
0.0
0.0
0.0
0.0
0.0
0.0
0.0
0.0
0.0
0.0
0.0
0.0
0.0
0.0
0.0
0.0
0.0
0.0
0.0
0.0
0.0
0.0
0.0
0.0
0.0
0.0
0.0
0.0
0.0
0.0
0.0
0.0
0.0
0.0
0.0
0.0
0.0
0.0
0.0
0.0
0.0
0.0
0.0
0.0
0.0
0.0
0.0
0.0
0.0
0.0
0.0
0.0
0.0
0.0
0.0
0.0
0.0
0.0
0.0
0.0
0.0
0.0
0.0
0.0
0.0
0.0
0.0
0.0
0.0
0.0
0.0
0.0
0.0
0.0
0.0
0.0
0.0
0.0
0.0
0.0
0.0
0.0
0.0
0.0
0.0
0.0
0.0
0.0
0.0
0.0
0.0
0.0
0.0
0.0
0.0
0.0
0.0
0.0
0.0
0.0
0.0
0.0
0.0
0.0
0.0
0.0
0.0
0.0
0.0
0.0
0.0
0.0
0.0
0.0
0.0
0.0
0.0
0.0
0.0
0.0
0.0
0.0
0.0
0.0
0.0
0.0
0.0
0.0
0.0
0.0
0.0
0.0
0.0
0.0
0.0
0.0
0.0
0.0
0.0
0.0
0.0
0.0
0.0
0.0
0.0
0.0
0.0
0.0
0.0
0.0
0.0
0.0
0.0
0.0
0.0
0.0
0.0
0.0
0.0
0.0
0.0
0.0
0.0
0.0
0.0
0.0
0.0
0.0
0.0
0.0
0.0
0.0
0.0
0.0
0.0
0.0
0.0
0.0
0.0
0.0
0.0
0.0
0.0
0.0
0.0
0.0
0.0
0.0
0.0
0.0
0.0
0.0
0.0
0.0
0.0
0.0
0.0
0.0
0.0
0.0
0.0
0.0
0.0
0.0
0.0
0.0
0.0
0.0
0.0
0.0
0.0
0.0
0.0
0.0
0.0
0.0
0.0
0.0
0.0
0.0
0.0
0.0
0.0
0.0
0.0
0.0
0.0
0.0
0.0
0.0
0.0
0.0
0.0
0.0
0.0
0.0
0.0
0.0
0.0
0.0
0.0
0.0
0.0
0.0
0.0
0.0
0.0
0.0
0.0
0.0
0.0
0.0
0.0
0.0
0.0
0.0
0.0
0.0
0.0
0.0
0.0
0.0
0.0
0.0
